<?xml version="1.0" encoding="UTF-8"?>
<!-- Generated by org.testng.reporters.JUnitReportReporter -->
<testsuite hostname="DESKTOP-OUCF3IQ" failures="0" tests="1" name="Ecommerce.Aarnalifestyle.loginTest" time="4.756" errors="0" timestamp="2022-04-03T15:18:35 IST" skipped="0">
  <testcase classname="Ecommerce.Aarnalifestyle.loginTest" name="login" time="4.756"/>
  <system-out/>
</testsuite> <!-- Ecommerce.Aarnalifestyle.loginTest -->
