<?xml version="1.0" encoding="UTF-8"?>
<!-- Generated by org.testng.reporters.JUnitReportReporter -->
<testsuite hostname="GALAXY" failures="0" tests="1" name="Ecommerce.Aarnalifestyle.loginTest" time="17.252" errors="0" timestamp="2022-04-11T17:11:13 IST" skipped="0">
  <testcase classname="Ecommerce.Aarnalifestyle.loginTest" name="login" time="17.252"/>
  <system-out/>
</testsuite> <!-- Ecommerce.Aarnalifestyle.loginTest -->
