<?xml version="1.0" encoding="UTF-8"?>
<!-- Generated by org.testng.reporters.JUnitReportReporter -->
<testsuite hostname="GALAXY" failures="0" tests="1" name="Ecommerce.Aarnalifestyle.loginTest" time="21.355" errors="0" timestamp="2022-04-08T15:59:03 IST" skipped="0">
  <testcase classname="Ecommerce.Aarnalifestyle.loginTest" name="login" time="21.355"/>
  <system-out/>
</testsuite> <!-- Ecommerce.Aarnalifestyle.loginTest -->
