<?xml version="1.0" encoding="UTF-8"?>
<!-- Generated by org.testng.reporters.JUnitReportReporter -->
<testsuite hostname="GALAXY" failures="0" tests="1" name="Ecommerce.Aarnalifestyle.loginTest" time="19.961" errors="0" timestamp="2022-04-18T17:10:07 IST" skipped="0">
  <testcase classname="Ecommerce.Aarnalifestyle.loginTest" name="login" time="19.961"/>
  <system-out/>
</testsuite> <!-- Ecommerce.Aarnalifestyle.loginTest -->
